Determining if the pthread_create exist failed with the following output:
Change Dir: /media/psf/Home/Documents/Master Thesis/Behavior Trees/CPPImplementationNodesThreadsNAOUserActions/build/CMakeFiles/CMakeTmp

Run Build Command:/usr/bin/make "cmTryCompileExec2412227482/fast"
make: Warning: File `Makefile' has modification time 0.97 s in the future
/usr/bin/make -f CMakeFiles/cmTryCompileExec2412227482.dir/build.make CMakeFiles/cmTryCompileExec2412227482.dir/build
make[1]: Entering directory `/media/psf/Home/Documents/Master Thesis/Behavior Trees/CPPImplementationNodesThreadsNAOUserActions/build/CMakeFiles/CMakeTmp'
make[1]: Warning: File `CMakeFiles/cmTryCompileExec2412227482.dir/flags.make' has modification time 0.96 s in the future
/usr/bin/cmake -E cmake_progress_report "/media/psf/Home/Documents/Master Thesis/Behavior Trees/CPPImplementationNodesThreadsNAOUserActions/build/CMakeFiles/CMakeTmp/CMakeFiles" 1
Building C object CMakeFiles/cmTryCompileExec2412227482.dir/CheckSymbolExists.c.o
/usr/bin/cc    -o CMakeFiles/cmTryCompileExec2412227482.dir/CheckSymbolExists.c.o   -c "/media/psf/Home/Documents/Master Thesis/Behavior Trees/CPPImplementationNodesThreadsNAOUserActions/build/CMakeFiles/CMakeTmp/CheckSymbolExists.c"
Linking C executable cmTryCompileExec2412227482
/usr/bin/cmake -E cmake_link_script CMakeFiles/cmTryCompileExec2412227482.dir/link.txt --verbose=1
/usr/bin/cc       CMakeFiles/cmTryCompileExec2412227482.dir/CheckSymbolExists.c.o  -o cmTryCompileExec2412227482 -rdynamic 
CMakeFiles/cmTryCompileExec2412227482.dir/CheckSymbolExists.c.o: In function `main':
CheckSymbolExists.c:(.text+0x16): undefined reference to `pthread_create'
collect2: error: ld returned 1 exit status
make[1]: Leaving directory `/media/psf/Home/Documents/Master Thesis/Behavior Trees/CPPImplementationNodesThreadsNAOUserActions/build/CMakeFiles/CMakeTmp'
make[1]: *** [cmTryCompileExec2412227482] Error 1
make: *** [cmTryCompileExec2412227482/fast] Error 2

File /media/psf/Home/Documents/Master Thesis/Behavior Trees/CPPImplementationNodesThreadsNAOUserActions/build/CMakeFiles/CMakeTmp/CheckSymbolExists.c:
/* */
#include <pthread.h>

int main(int argc, char** argv)
{
  (void)argv;
#ifndef pthread_create
  return ((int*)(&pthread_create))[argc];
#else
  (void)argc;
  return 0;
#endif
}

Determining if the function pthread_create exists in the pthreads failed with the following output:
Change Dir: /media/psf/Home/Documents/Master Thesis/Behavior Trees/CPPImplementationNodesThreadsNAOUserActions/build/CMakeFiles/CMakeTmp

Run Build Command:/usr/bin/make "cmTryCompileExec3225315235/fast"
make: Warning: File `Makefile' has modification time 0.97 s in the future
/usr/bin/make -f CMakeFiles/cmTryCompileExec3225315235.dir/build.make CMakeFiles/cmTryCompileExec3225315235.dir/build
make[1]: Entering directory `/media/psf/Home/Documents/Master Thesis/Behavior Trees/CPPImplementationNodesThreadsNAOUserActions/build/CMakeFiles/CMakeTmp'
make[1]: Warning: File `CMakeFiles/cmTryCompileExec3225315235.dir/flags.make' has modification time 0.96 s in the future
/usr/bin/cmake -E cmake_progress_report "/media/psf/Home/Documents/Master Thesis/Behavior Trees/CPPImplementationNodesThreadsNAOUserActions/build/CMakeFiles/CMakeTmp/CMakeFiles" 1
Building C object CMakeFiles/cmTryCompileExec3225315235.dir/CheckFunctionExists.c.o
/usr/bin/cc   -DCHECK_FUNCTION_EXISTS=pthread_create   -o CMakeFiles/cmTryCompileExec3225315235.dir/CheckFunctionExists.c.o   -c /usr/share/cmake-2.8/Modules/CheckFunctionExists.c
Linking C executable cmTryCompileExec3225315235
/usr/bin/cmake -E cmake_link_script CMakeFiles/cmTryCompileExec3225315235.dir/link.txt --verbose=1
/usr/bin/cc   -DCHECK_FUNCTION_EXISTS=pthread_create    CMakeFiles/cmTryCompileExec3225315235.dir/CheckFunctionExists.c.o  -o cmTryCompileExec3225315235 -rdynamic -lpthreads 
/usr/bin/ld: cannot find -lpthreads
collect2: error: ld returned 1 exit status
make[1]: Leaving directory `/media/psf/Home/Documents/Master Thesis/Behavior Trees/CPPImplementationNodesThreadsNAOUserActions/build/CMakeFiles/CMakeTmp'
make[1]: *** [cmTryCompileExec3225315235] Error 1
make: *** [cmTryCompileExec3225315235/fast] Error 2


